<?xml version="1.0" encoding="UTF-8"?>
<testsuite name="tests.nasaTests.CuriosityTest" tests="2" skipped="0" failures="1" errors="0" timestamp="2019-05-06T19:27:23" hostname="UK-GN-999929" time="24.688">
  <properties/>
  <testcase name="noCameraTook10TimesMorePhotosThanOtherCuriosityTest" classname="tests.nasaTests.CuriosityTest" time="13.425">
    <failure message="java.lang.AssertionError: Camera Name : MAST[838] has 10 times more images than: MARDI[0] expected [false] but found [true]" type="java.lang.AssertionError">java.lang.AssertionError: Camera Name : MAST[838] has 10 times more images than: MARDI[0] expected [false] but found [true]
	at org.testng.Assert.fail(Assert.java:96)
	at org.testng.Assert.failNotEquals(Assert.java:776)
	at org.testng.Assert.assertFalse(Assert.java:65)
	at tests.nasaTests.CuriosityTest.validateAmountOfPhotos(CuriosityTest.java:260)
	at tests.nasaTests.CuriosityTest.noCameraTook10TimesMorePhotosThanOtherCuriosityTest(CuriosityTest.java:72)
	at sun.reflect.NativeMethodAccessorImpl.invoke0(Native Method)
	at sun.reflect.NativeMethodAccessorImpl.invoke(NativeMethodAccessorImpl.java:62)
	at sun.reflect.DelegatingMethodAccessorImpl.invoke(DelegatingMethodAccessorImpl.java:43)
	at java.lang.reflect.Method.invoke(Method.java:498)
	at org.testng.internal.MethodInvocationHelper.invokeMethod(MethodInvocationHelper.java:124)
	at org.testng.internal.InvokeMethodRunnable.runOne(InvokeMethodRunnable.java:54)
	at org.testng.internal.InvokeMethodRunnable.run(InvokeMethodRunnable.java:44)
	at org.testng.internal.MethodInvocationHelper.invokeWithTimeoutWithNoExecutor(MethodInvocationHelper.java:278)
	at org.testng.internal.MethodInvocationHelper.invokeWithTimeout(MethodInvocationHelper.java:265)
	at org.testng.internal.Invoker.invokeMethod(Invoker.java:589)
	at org.testng.internal.Invoker.invokeTestMethod(Invoker.java:719)
	at org.testng.internal.Invoker.invokeTestMethods(Invoker.java:989)
	at org.testng.internal.TestMethodWorker.invokeTestMethods(TestMethodWorker.java:125)
	at org.testng.internal.TestMethodWorker.run(TestMethodWorker.java:109)
	at java.util.concurrent.ThreadPoolExecutor.runWorker(ThreadPoolExecutor.java:1142)
	at java.util.concurrent.ThreadPoolExecutor$Worker.run(ThreadPoolExecutor.java:617)
	at java.lang.Thread.run(Thread.java:745)
</failure>
  </testcase>
  <testcase name="tenFirstPhotosFromSolAndEarthCuriosityAreTheSameTest" classname="tests.nasaTests.CuriosityTest" time="11.262"/>
  <system-out><![CDATA[16:27:23.274 [TestNG-test=NASA API Tests-1] INFO  org.slf4j.Logger - Starting Test 2: 'noCameraTook10TimesMorePhotosThanOtherCuriosityTest'
16:27:23.277 [TestNG-test=NASA API Tests-1] INFO  org.slf4j.Logger - Get all photos by camera
16:27:36.570 [TestNG-test=NASA API Tests-1] INFO  org.slf4j.Logger - Starting validation - Check if any camera made 10 times more images than any other
16:27:36.574 [TestNG-test=NASA API Tests-1] INFO  org.slf4j.Logger - Starting Test: 'tenFirstPhotosFromSolAndEarthCuriosityAreTheSameTest' 
16:27:37.810 [TestNG-test=NASA API Tests-1] INFO  org.slf4j.Logger - Starting to calculate Earth date
16:27:39.205 [TestNG-test=NASA API Tests-1] INFO  org.slf4j.Logger - Starting to validate images
16:27:41.917 [TestNG-test=NASA API Tests-1] INFO  org.slf4j.Logger - Images successfully downloaded
16:27:41.917 [TestNG-test=NASA API Tests-1] INFO  org.slf4j.Logger - Images dimensions match
16:27:42.005 [TestNG-test=NASA API Tests-1] INFO  org.slf4j.Logger - Difference Percentage: 0.0
16:27:42.005 [TestNG-test=NASA API Tests-1] INFO  org.slf4j.Logger - Comparison finished
16:27:42.922 [TestNG-test=NASA API Tests-1] INFO  org.slf4j.Logger - Images successfully downloaded
16:27:42.922 [TestNG-test=NASA API Tests-1] INFO  org.slf4j.Logger - Images dimensions match
16:27:42.985 [TestNG-test=NASA API Tests-1] INFO  org.slf4j.Logger - Difference Percentage: 0.0
16:27:42.986 [TestNG-test=NASA API Tests-1] INFO  org.slf4j.Logger - Comparison finished
16:27:43.603 [TestNG-test=NASA API Tests-1] INFO  org.slf4j.Logger - Images successfully downloaded
16:27:43.604 [TestNG-test=NASA API Tests-1] INFO  org.slf4j.Logger - Images dimensions match
16:27:43.670 [TestNG-test=NASA API Tests-1] INFO  org.slf4j.Logger - Difference Percentage: 0.0
16:27:43.670 [TestNG-test=NASA API Tests-1] INFO  org.slf4j.Logger - Comparison finished
16:27:44.273 [TestNG-test=NASA API Tests-1] INFO  org.slf4j.Logger - Images successfully downloaded
16:27:44.274 [TestNG-test=NASA API Tests-1] INFO  org.slf4j.Logger - Images dimensions match
16:27:44.337 [TestNG-test=NASA API Tests-1] INFO  org.slf4j.Logger - Difference Percentage: 0.0
16:27:44.337 [TestNG-test=NASA API Tests-1] INFO  org.slf4j.Logger - Comparison finished
16:27:44.879 [TestNG-test=NASA API Tests-1] INFO  org.slf4j.Logger - Images successfully downloaded
16:27:44.879 [TestNG-test=NASA API Tests-1] INFO  org.slf4j.Logger - Images dimensions match
16:27:45.027 [TestNG-test=NASA API Tests-1] INFO  org.slf4j.Logger - Difference Percentage: 0.0
16:27:45.027 [TestNG-test=NASA API Tests-1] INFO  org.slf4j.Logger - Comparison finished
16:27:45.483 [TestNG-test=NASA API Tests-1] INFO  org.slf4j.Logger - Images successfully downloaded
16:27:45.484 [TestNG-test=NASA API Tests-1] INFO  org.slf4j.Logger - Images dimensions match
16:27:45.525 [TestNG-test=NASA API Tests-1] INFO  org.slf4j.Logger - Difference Percentage: 0.0
16:27:45.525 [TestNG-test=NASA API Tests-1] INFO  org.slf4j.Logger - Comparison finished
16:27:46.058 [TestNG-test=NASA API Tests-1] INFO  org.slf4j.Logger - Images successfully downloaded
16:27:46.058 [TestNG-test=NASA API Tests-1] INFO  org.slf4j.Logger - Images dimensions match
16:27:46.204 [TestNG-test=NASA API Tests-1] INFO  org.slf4j.Logger - Difference Percentage: 0.0
16:27:46.204 [TestNG-test=NASA API Tests-1] INFO  org.slf4j.Logger - Comparison finished
16:27:46.642 [TestNG-test=NASA API Tests-1] INFO  org.slf4j.Logger - Images successfully downloaded
16:27:46.643 [TestNG-test=NASA API Tests-1] INFO  org.slf4j.Logger - Images dimensions match
16:27:46.682 [TestNG-test=NASA API Tests-1] INFO  org.slf4j.Logger - Difference Percentage: 0.0
16:27:46.682 [TestNG-test=NASA API Tests-1] INFO  org.slf4j.Logger - Comparison finished
16:27:47.209 [TestNG-test=NASA API Tests-1] INFO  org.slf4j.Logger - Images successfully downloaded
16:27:47.209 [TestNG-test=NASA API Tests-1] INFO  org.slf4j.Logger - Images dimensions match
16:27:47.357 [TestNG-test=NASA API Tests-1] INFO  org.slf4j.Logger - Difference Percentage: 0.0
16:27:47.357 [TestNG-test=NASA API Tests-1] INFO  org.slf4j.Logger - Comparison finished
16:27:47.791 [TestNG-test=NASA API Tests-1] INFO  org.slf4j.Logger - Images successfully downloaded
16:27:47.792 [TestNG-test=NASA API Tests-1] INFO  org.slf4j.Logger - Images dimensions match
16:27:47.835 [TestNG-test=NASA API Tests-1] INFO  org.slf4j.Logger - Difference Percentage: 0.0
16:27:47.835 [TestNG-test=NASA API Tests-1] INFO  org.slf4j.Logger - Comparison finished
16:27:47.835 [TestNG-test=NASA API Tests-1] INFO  org.slf4j.Logger - Test: 'tenFirstPhotosFromSolAndEarthCuriosityAreTheSameTest' finished
]]></system-out>
  <system-err><![CDATA[]]></system-err>
</testsuite>
